<?xml version="1.0" encoding="UTF-8"?>
<!-- Generated by org.testng.reporters.JUnitXMLReporter -->
<testsuite hostname="SELENIUM" ignored="0" name="Test" tests="2" failures="0" timestamp="31 Jan 2020 07:07:04 GMT" time="17.813" errors="0">
  <testcase name="@BeforeMethod startReport" time="0.001" classname="com.durgasoft.ecommerce.basepage.BasePage">
    <failure type="java.lang.NullPointerException">
      <![CDATA[java.lang.NullPointerException
at com.durgasoft.ecommerce.basepage.BasePage.startReport(BasePage.java:46)
... Removed 28 stack frames]]>
    </failure>
  </testcase> <!-- @BeforeMethod startReport -->
  <testcase name="@AfterMethod endReport" time="0.0" classname="com.durgasoft.ecommerce.basepage.BasePage">
    <skipped/>
  </testcase> <!-- @AfterMethod endReport -->
  <testcase name="@BeforeMethod startReport" time="0.0" classname="com.durgasoft.ecommerce.basepage.BasePage">
    <skipped/>
  </testcase> <!-- @BeforeMethod startReport -->
  <testcase name="@AfterMethod endReport" time="0.0" classname="com.durgasoft.ecommerce.basepage.BasePage">
    <skipped/>
  </testcase> <!-- @AfterMethod endReport -->
  <testcase name="@AfterClass endTest" time="0.0" classname="com.durgasoft.ecommerce.homepage.TC001_CustomerRegistration">
    <skipped/>
  </testcase> <!-- @AfterClass endTest -->
  <testcase name="customerRegistration" time="0.0" classname="com.durgasoft.ecommerce.homepage.TC001_CustomerRegistration">
    <skipped/>
  </testcase> <!-- customerRegistration -->
  <testcase name="verifyLogin" time="0.0" classname="com.durgasoft.ecommerce.homepage.TC001_CustomerRegistration">
    <skipped/>
  </testcase> <!-- verifyLogin -->
</testsuite> <!-- Test -->
