<?xml version="1.0" encoding="UTF-8"?>
<!-- Generated by org.testng.reporters.JUnitXMLReporter -->
<testsuite hostname="SELENIUM" ignored="0" name="Default test" tests="2" failures="0" timestamp="31 Jan 2020 07:13:41 GMT" time="54.611" errors="0">
  <testcase name="customerRegistration" time="33.152" classname="com.durgasoft.ecommerce.homepage.TC001_CustomerRegistration"/>
  <testcase name="verifyLogin" time="0.002" classname="com.durgasoft.ecommerce.homepage.TC001_CustomerRegistration"/>
</testsuite> <!-- Default test -->
