<?xml version="1.0" encoding="UTF-8"?>
<testng-results skipped="0" failed="0" ignored="0" total="0" passed="0">
  <reporter-output>
  </reporter-output>
  <suite name="com.durgasoft.selenium_maven.AppTest" duration-ms="11" started-at="2020-01-21T06:55:06Z" finished-at="2020-01-21T06:55:06Z">
    <groups>
    </groups>
    <test name="Command line test" duration-ms="11" started-at="2020-01-21T06:55:06Z" finished-at="2020-01-21T06:55:06Z">
    </test> <!-- Command line test -->
  </suite> <!-- com.durgasoft.selenium_maven.AppTest -->
</testng-results>
